<?xml version="1.0" encoding="UTF-8"?>
<coverage generated="1627786011349" clover="3.2.0">
  <project timestamp="1627786011349" name="All files">
    <metrics statements="128" coveredstatements="56" conditionals="8" coveredconditionals="5" methods="54" coveredmethods="19" elements="190" coveredelements="80" complexity="0" loc="128" ncloc="128" packages="5" files="11" classes="11"/>
    <package name="Screens">
      <metrics statements="99" coveredstatements="40" conditionals="0" coveredconditionals="0" methods="40" coveredmethods="13"/>
      <file name="EditProfile.tsx" path="/Users/jacobkula/git-repo/team-5-p2-fe/Screens/EditProfile.tsx">
        <metrics statements="14" coveredstatements="7" conditionals="0" coveredconditionals="0" methods="6" coveredmethods="2"/>
        <line num="11" count="1" type="stmt"/>
        <line num="12" count="1" type="stmt"/>
        <line num="13" count="2" type="stmt"/>
        <line num="16" count="0" type="stmt"/>
        <line num="17" count="0" type="stmt"/>
        <line num="21" count="0" type="stmt"/>
        <line num="24" count="1" type="stmt"/>
        <line num="25" count="0" type="stmt"/>
        <line num="39" count="1" type="stmt"/>
        <line num="40" count="0" type="stmt"/>
        <line num="41" count="0" type="stmt"/>
        <line num="44" count="1" type="stmt"/>
        <line num="51" count="0" type="stmt"/>
        <line num="62" count="1" type="stmt"/>
      </file>
      <file name="Home.tsx" path="/Users/jacobkula/git-repo/team-5-p2-fe/Screens/Home.tsx">
        <metrics statements="8" coveredstatements="7" conditionals="0" coveredconditionals="0" methods="5" coveredmethods="4"/>
        <line num="13" count="2" type="stmt"/>
        <line num="14" count="1" type="stmt"/>
        <line num="15" count="1" type="stmt"/>
        <line num="16" count="1" type="stmt"/>
        <line num="17" count="1" type="stmt"/>
        <line num="21" count="1" type="stmt"/>
        <line num="23" count="1" type="stmt"/>
        <line num="25" count="0" type="stmt"/>
      </file>
      <file name="Login.tsx" path="/Users/jacobkula/git-repo/team-5-p2-fe/Screens/Login.tsx">
        <metrics statements="21" coveredstatements="6" conditionals="0" coveredconditionals="0" methods="7" coveredmethods="1"/>
        <line num="9" count="1" type="stmt"/>
        <line num="12" count="1" type="stmt"/>
        <line num="13" count="1" type="stmt"/>
        <line num="15" count="1" type="stmt"/>
        <line num="16" count="0" type="stmt"/>
        <line num="17" count="0" type="stmt"/>
        <line num="18" count="0" type="stmt"/>
        <line num="22" count="0" type="stmt"/>
        <line num="24" count="0" type="stmt"/>
        <line num="25" count="0" type="stmt"/>
        <line num="26" count="0" type="stmt"/>
        <line num="27" count="0" type="stmt"/>
        <line num="28" count="0" type="stmt"/>
        <line num="30" count="0" type="stmt"/>
        <line num="31" count="0" type="stmt"/>
        <line num="35" count="1" type="stmt"/>
        <line num="37" count="0" type="stmt"/>
        <line num="54" count="1" type="stmt"/>
        <line num="59" count="0" type="stmt"/>
        <line num="66" count="0" type="stmt"/>
        <line num="72" count="0" type="stmt"/>
      </file>
      <file name="Profile.tsx" path="/Users/jacobkula/git-repo/team-5-p2-fe/Screens/Profile.tsx">
        <metrics statements="16" coveredstatements="7" conditionals="0" coveredconditionals="0" methods="7" coveredmethods="3"/>
        <line num="12" count="1" type="stmt"/>
        <line num="14" count="2" type="stmt"/>
        <line num="17" count="0" type="stmt"/>
        <line num="18" count="0" type="stmt"/>
        <line num="19" count="0" type="stmt"/>
        <line num="21" count="0" type="stmt"/>
        <line num="25" count="1" type="stmt"/>
        <line num="26" count="0" type="stmt"/>
        <line num="32" count="1" type="stmt"/>
        <line num="33" count="0" type="stmt"/>
        <line num="34" count="0" type="stmt"/>
        <line num="35" count="0" type="stmt"/>
        <line num="40" count="1" type="stmt"/>
        <line num="43" count="1" type="stmt"/>
        <line num="51" count="0" type="stmt"/>
        <line num="61" count="1" type="stmt"/>
      </file>
      <file name="SignUp.tsx" path="/Users/jacobkula/git-repo/team-5-p2-fe/Screens/SignUp.tsx">
        <metrics statements="28" coveredstatements="7" conditionals="0" coveredconditionals="0" methods="10" coveredmethods="1"/>
        <line num="10" count="1" type="stmt"/>
        <line num="11" count="1" type="stmt"/>
        <line num="12" count="1" type="stmt"/>
        <line num="13" count="1" type="stmt"/>
        <line num="14" count="1" type="stmt"/>
        <line num="16" count="1" type="stmt"/>
        <line num="17" count="0" type="stmt"/>
        <line num="18" count="0" type="stmt"/>
        <line num="19" count="0" type="stmt"/>
        <line num="20" count="0" type="stmt"/>
        <line num="24" count="0" type="stmt"/>
        <line num="25" count="0" type="stmt"/>
        <line num="34" count="0" type="stmt"/>
        <line num="36" count="0" type="stmt"/>
        <line num="41" count="0" type="stmt"/>
        <line num="42" count="0" type="stmt"/>
        <line num="43" count="0" type="stmt"/>
        <line num="44" count="0" type="stmt"/>
        <line num="45" count="0" type="stmt"/>
        <line num="46" count="0" type="stmt"/>
        <line num="48" count="0" type="stmt"/>
        <line num="52" count="1" type="stmt"/>
        <line num="57" count="0" type="stmt"/>
        <line num="62" count="0" type="stmt"/>
        <line num="67" count="0" type="stmt"/>
        <line num="70" count="0" type="stmt"/>
        <line num="76" count="0" type="stmt"/>
        <line num="83" count="0" type="stmt"/>
      </file>
      <file name="ThreadAdd.tsx" path="/Users/jacobkula/git-repo/team-5-p2-fe/Screens/ThreadAdd.tsx">
        <metrics statements="12" coveredstatements="6" conditionals="0" coveredconditionals="0" methods="5" coveredmethods="2"/>
        <line num="10" count="1" type="stmt"/>
        <line num="11" count="1" type="stmt"/>
        <line num="12" count="1" type="stmt"/>
        <line num="14" count="1" type="stmt"/>
        <line num="15" count="0" type="stmt"/>
        <line num="23" count="0" type="stmt"/>
        <line num="24" count="0" type="stmt"/>
        <line num="25" count="0" type="stmt"/>
        <line num="29" count="2" type="stmt"/>
        <line num="31" count="1" type="stmt"/>
        <line num="33" count="0" type="stmt"/>
        <line num="34" count="0" type="stmt"/>
      </file>
    </package>
    <package name="__tests__._components">
      <metrics statements="6" coveredstatements="6" conditionals="2" coveredconditionals="2" methods="2" coveredmethods="2"/>
      <file name="testFunctions.js" path="/Users/jacobkula/git-repo/team-5-p2-fe/__tests__/_components/testFunctions.js">
        <metrics statements="6" coveredstatements="6" conditionals="2" coveredconditionals="2" methods="2" coveredmethods="2"/>
        <line num="11" count="1" type="stmt"/>
        <line num="17" count="6" type="stmt"/>
        <line num="18" count="6" type="stmt"/>
        <line num="19" count="6" type="stmt"/>
        <line num="20" count="6" type="stmt"/>
        <line num="28" count="6" type="stmt"/>
      </file>
    </package>
    <package name="components">
      <metrics statements="7" coveredstatements="4" conditionals="6" coveredconditionals="3" methods="6" coveredmethods="2"/>
      <file name="CustomNav.tsx" path="/Users/jacobkula/git-repo/team-5-p2-fe/components/CustomNav.tsx">
        <metrics statements="4" coveredstatements="2" conditionals="6" coveredconditionals="3" methods="5" coveredmethods="2"/>
        <line num="9" count="12" type="stmt"/>
        <line num="10" count="6" type="stmt"/>
        <line num="15" count="0" type="cond" truecount="1" falsecount="1"/>
        <line num="16" count="0" type="cond" truecount="1" falsecount="1"/>
      </file>
      <file name="Thread.tsx" path="/Users/jacobkula/git-repo/team-5-p2-fe/components/Thread.tsx">
        <metrics statements="3" coveredstatements="2" conditionals="0" coveredconditionals="0" methods="1" coveredmethods="0"/>
        <line num="10" count="1" type="stmt"/>
        <line num="12" count="0" type="stmt"/>
        <line num="30" count="1" type="stmt"/>
      </file>
    </package>
    <package name="custom_types">
      <metrics statements="0" coveredstatements="0" conditionals="0" coveredconditionals="0" methods="0" coveredmethods="0"/>
      <file name="action_types.ts" path="/Users/jacobkula/git-repo/team-5-p2-fe/custom_types/action_types.ts">
        <metrics statements="0" coveredstatements="0" conditionals="0" coveredconditionals="0" methods="0" coveredmethods="0"/>
      </file>
    </package>
    <package name="redux">
      <metrics statements="16" coveredstatements="6" conditionals="0" coveredconditionals="0" methods="6" coveredmethods="2"/>
      <file name="Thunks.ts" path="/Users/jacobkula/git-repo/team-5-p2-fe/redux/Thunks.ts">
        <metrics statements="16" coveredstatements="6" conditionals="0" coveredconditionals="0" methods="6" coveredmethods="2"/>
        <line num="5" count="1" type="stmt"/>
        <line num="6" count="1" type="stmt"/>
        <line num="10" count="1" type="stmt"/>
        <line num="11" count="1" type="stmt"/>
        <line num="12" count="1" type="stmt"/>
        <line num="13" count="1" type="stmt"/>
        <line num="14" count="0" type="stmt"/>
        <line num="16" count="0" type="stmt"/>
        <line num="21" count="0" type="stmt"/>
        <line num="31" count="0" type="stmt"/>
        <line num="32" count="0" type="stmt"/>
        <line num="33" count="0" type="stmt"/>
        <line num="34" count="0" type="stmt"/>
        <line num="36" count="0" type="stmt"/>
        <line num="38" count="0" type="stmt"/>
        <line num="43" count="0" type="stmt"/>
      </file>
    </package>
  </project>
</coverage>
