{"/Users/jacobkula/git-repo/team-5-p2-fe/Screens/EditProfile.tsx": {"path":"/Users/jacobkula/git-repo/team-5-p2-fe/Screens/EditProfile.tsx","statementMap":{"0":{"start":{"line":11,"column":21},"end":{"line":11,"column":34}},"1":{"start":{"line":12,"column":34},"end":{"line":12,"column":52}},"2":{"start":{"line":13,"column":24},"end":{"line":13,"column":86}},"3":{"start":{"line":13,"column":58},"end":{"line":13,"column":85}},"4":{"start":{"line":16,"column":19},"end":{"line":16,"column":56}},"5":{"start":{"line":17,"column":8},"end":{"line":19,"column":10}},"6":{"start":{"line":21,"column":8},"end":{"line":21,"column":38}},"7":{"start":{"line":24,"column":27},"end":{"line":37,"column":7}},"8":{"start":{"line":25,"column":8},"end":{"line":36,"column":10}},"9":{"start":{"line":39,"column":27},"end":{"line":42,"column":7}},"10":{"start":{"line":40,"column":10},"end":{"line":40,"column":27}},"11":{"start":{"line":41,"column":10},"end":{"line":41,"column":28}},"12":{"start":{"line":44,"column":4},"end":{"line":59,"column":5}},"13":{"start":{"line":51,"column":46},"end":{"line":51,"column":62}},"14":{"start":{"line":62,"column":21},"end":{"line":73,"column":2}}},"fnMap":{"0":{"name":"EditProfile","decl":{"start":{"line":10,"column":24},"end":{"line":10,"column":35}},"loc":{"start":{"line":10,"column":50},"end":{"line":60,"column":1}},"line":10},"1":{"name":"(anonymous_1)","decl":{"start":{"line":13,"column":36},"end":{"line":13,"column":37}},"loc":{"start":{"line":13,"column":58},"end":{"line":13,"column":85}},"line":13},"2":{"name":"authProfileEdit","decl":{"start":{"line":15,"column":19},"end":{"line":15,"column":34}},"loc":{"start":{"line":15,"column":37},"end":{"line":22,"column":5}},"line":15},"3":{"name":"(anonymous_3)","decl":{"start":{"line":24,"column":27},"end":{"line":24,"column":28}},"loc":{"start":{"line":24,"column":33},"end":{"line":37,"column":7}},"line":24},"4":{"name":"(anonymous_4)","decl":{"start":{"line":39,"column":27},"end":{"line":39,"column":28}},"loc":{"start":{"line":39,"column":33},"end":{"line":42,"column":7}},"line":39},"5":{"name":"(anonymous_5)","decl":{"start":{"line":51,"column":38},"end":{"line":51,"column":39}},"loc":{"start":{"line":51,"column":46},"end":{"line":51,"column":62}},"line":51}},"branchMap":{},"s":{"0":1,"1":1,"2":1,"3":2,"4":0,"5":0,"6":0,"7":1,"8":0,"9":1,"10":0,"11":0,"12":1,"13":0,"14":1},"f":{"0":1,"1":2,"2":0,"3":0,"4":0,"5":0},"b":{},"_coverageSchema":"1a1c01bbd47fc00a2c39e90264f33305004495a9","hash":"3b6ccb39da872e7d2688c3764c3bfa68e36a7286"}
,"/Users/jacobkula/git-repo/team-5-p2-fe/Screens/Home.tsx": {"path":"/Users/jacobkula/git-repo/team-5-p2-fe/Screens/Home.tsx","statementMap":{"0":{"start":{"line":13,"column":20},"end":{"line":13,"column":79}},"1":{"start":{"line":13,"column":53},"end":{"line":13,"column":78}},"2":{"start":{"line":14,"column":21},"end":{"line":14,"column":34}},"3":{"start":{"line":15,"column":24},"end":{"line":19,"column":5}},"4":{"start":{"line":16,"column":8},"end":{"line":18,"column":13}},"5":{"start":{"line":17,"column":12},"end":{"line":17,"column":42}},"6":{"start":{"line":21,"column":4},"end":{"line":21,"column":30}},"7":{"start":{"line":23,"column":4},"end":{"line":27,"column":6}},"8":{"start":{"line":25,"column":47},"end":{"line":25,"column":89}}},"fnMap":{"0":{"name":"Home","decl":{"start":{"line":12,"column":24},"end":{"line":12,"column":28}},"loc":{"start":{"line":12,"column":43},"end":{"line":28,"column":1}},"line":12},"1":{"name":"(anonymous_1)","decl":{"start":{"line":13,"column":32},"end":{"line":13,"column":33}},"loc":{"start":{"line":13,"column":53},"end":{"line":13,"column":78}},"line":13},"2":{"name":"(anonymous_2)","decl":{"start":{"line":15,"column":24},"end":{"line":15,"column":25}},"loc":{"start":{"line":15,"column":47},"end":{"line":19,"column":5}},"line":15},"3":{"name":"(anonymous_3)","decl":{"start":{"line":16,"column":18},"end":{"line":16,"column":19}},"loc":{"start":{"line":16,"column":24},"end":{"line":18,"column":9}},"line":16},"4":{"name":"(anonymous_4)","decl":{"start":{"line":25,"column":25},"end":{"line":25,"column":26}},"loc":{"start":{"line":25,"column":47},"end":{"line":25,"column":89}},"line":25}},"branchMap":{},"s":{"0":1,"1":2,"2":1,"3":1,"4":1,"5":1,"6":1,"7":1,"8":0},"f":{"0":1,"1":2,"2":1,"3":1,"4":0},"b":{},"_coverageSchema":"1a1c01bbd47fc00a2c39e90264f33305004495a9","hash":"396a8d00386e9d1f9c7bbaf7dce8b951762f9dd6"}
,"/Users/jacobkula/git-repo/team-5-p2-fe/Screens/Login.tsx": {"path":"/Users/jacobkula/git-repo/team-5-p2-fe/Screens/Login.tsx","statementMap":{"0":{"start":{"line":9,"column":19},"end":{"line":9,"column":32}},"1":{"start":{"line":12,"column":34},"end":{"line":12,"column":52}},"2":{"start":{"line":13,"column":34},"end":{"line":13,"column":52}},"3":{"start":{"line":15,"column":23},"end":{"line":19,"column":3}},"4":{"start":{"line":16,"column":4},"end":{"line":16,"column":13}},"5":{"start":{"line":17,"column":4},"end":{"line":17,"column":20}},"6":{"start":{"line":18,"column":4},"end":{"line":18,"column":20}},"7":{"start":{"line":22,"column":4},"end":{"line":32,"column":5}},"8":{"start":{"line":24,"column":8},"end":{"line":24,"column":46}},"9":{"start":{"line":25,"column":21},"end":{"line":25,"column":58}},"10":{"start":{"line":26,"column":8},"end":{"line":26,"column":30}},"11":{"start":{"line":27,"column":8},"end":{"line":27,"column":36}},"12":{"start":{"line":28,"column":8},"end":{"line":28,"column":50}},"13":{"start":{"line":30,"column":8},"end":{"line":30,"column":47}},"14":{"start":{"line":31,"column":8},"end":{"line":31,"column":15}},"15":{"start":{"line":35,"column":24},"end":{"line":49,"column":1}},"16":{"start":{"line":37,"column":2},"end":{"line":48,"column":4}},"17":{"start":{"line":54,"column":2},"end":{"line":76,"column":4}},"18":{"start":{"line":59,"column":34},"end":{"line":59,"column":51}},"19":{"start":{"line":66,"column":34},"end":{"line":66,"column":51}},"20":{"start":{"line":72,"column":48},"end":{"line":72,"column":77}}},"fnMap":{"0":{"name":"Login","decl":{"start":{"line":8,"column":24},"end":{"line":8,"column":29}},"loc":{"start":{"line":8,"column":44},"end":{"line":77,"column":1}},"line":8},"1":{"name":"(anonymous_1)","decl":{"start":{"line":15,"column":23},"end":{"line":15,"column":24}},"loc":{"start":{"line":15,"column":28},"end":{"line":19,"column":3}},"line":15},"2":{"name":"signIn","decl":{"start":{"line":21,"column":17},"end":{"line":21,"column":23}},"loc":{"start":{"line":21,"column":26},"end":{"line":33,"column":1}},"line":21},"3":{"name":"(anonymous_3)","decl":{"start":{"line":35,"column":24},"end":{"line":35,"column":25}},"loc":{"start":{"line":35,"column":34},"end":{"line":49,"column":1}},"line":35},"4":{"name":"(anonymous_4)","decl":{"start":{"line":59,"column":26},"end":{"line":59,"column":27}},"loc":{"start":{"line":59,"column":34},"end":{"line":59,"column":51}},"line":59},"5":{"name":"(anonymous_5)","decl":{"start":{"line":66,"column":26},"end":{"line":66,"column":27}},"loc":{"start":{"line":66,"column":34},"end":{"line":66,"column":51}},"line":66},"6":{"name":"(anonymous_6)","decl":{"start":{"line":72,"column":42},"end":{"line":72,"column":43}},"loc":{"start":{"line":72,"column":48},"end":{"line":72,"column":77}},"line":72}},"branchMap":{},"s":{"0":1,"1":1,"2":1,"3":1,"4":0,"5":0,"6":0,"7":0,"8":0,"9":0,"10":0,"11":0,"12":0,"13":0,"14":0,"15":1,"16":0,"17":1,"18":0,"19":0,"20":0},"f":{"0":1,"1":0,"2":0,"3":0,"4":0,"5":0,"6":0},"b":{},"_coverageSchema":"1a1c01bbd47fc00a2c39e90264f33305004495a9","hash":"33c2f51819fa120d31434a1cb7b24a8586e3065c"}
,"/Users/jacobkula/git-repo/team-5-p2-fe/Screens/Profile.tsx": {"path":"/Users/jacobkula/git-repo/team-5-p2-fe/Screens/Profile.tsx","statementMap":{"0":{"start":{"line":12,"column":21},"end":{"line":12,"column":34}},"1":{"start":{"line":14,"column":24},"end":{"line":14,"column":86}},"2":{"start":{"line":14,"column":58},"end":{"line":14,"column":85}},"3":{"start":{"line":17,"column":8},"end":{"line":22,"column":9}},"4":{"start":{"line":18,"column":12},"end":{"line":18,"column":33}},"5":{"start":{"line":19,"column":12},"end":{"line":19,"column":55}},"6":{"start":{"line":21,"column":12},"end":{"line":21,"column":54}},"7":{"start":{"line":25,"column":29},"end":{"line":31,"column":5}},"8":{"start":{"line":26,"column":8},"end":{"line":30,"column":10}},"9":{"start":{"line":32,"column":26},"end":{"line":36,"column":5}},"10":{"start":{"line":33,"column":8},"end":{"line":33,"column":18}},"11":{"start":{"line":34,"column":8},"end":{"line":34,"column":27}},"12":{"start":{"line":35,"column":8},"end":{"line":35,"column":36}},"13":{"start":{"line":40,"column":4},"end":{"line":58,"column":6}},"14":{"start":{"line":43,"column":98},"end":{"line":43,"column":155}},"15":{"start":{"line":51,"column":87},"end":{"line":51,"column":121}},"16":{"start":{"line":61,"column":21},"end":{"line":72,"column":2}}},"fnMap":{"0":{"name":"Profile","decl":{"start":{"line":11,"column":24},"end":{"line":11,"column":31}},"loc":{"start":{"line":11,"column":46},"end":{"line":59,"column":1}},"line":11},"1":{"name":"(anonymous_1)","decl":{"start":{"line":14,"column":36},"end":{"line":14,"column":37}},"loc":{"start":{"line":14,"column":58},"end":{"line":14,"column":85}},"line":14},"2":{"name":"signOut","decl":{"start":{"line":16,"column":19},"end":{"line":16,"column":26}},"loc":{"start":{"line":16,"column":29},"end":{"line":23,"column":5}},"line":16},"3":{"name":"(anonymous_3)","decl":{"start":{"line":25,"column":29},"end":{"line":25,"column":30}},"loc":{"start":{"line":25,"column":35},"end":{"line":31,"column":5}},"line":25},"4":{"name":"(anonymous_4)","decl":{"start":{"line":32,"column":26},"end":{"line":32,"column":27}},"loc":{"start":{"line":32,"column":32},"end":{"line":36,"column":5}},"line":32},"5":{"name":"(anonymous_5)","decl":{"start":{"line":43,"column":92},"end":{"line":43,"column":93}},"loc":{"start":{"line":43,"column":98},"end":{"line":43,"column":155}},"line":43},"6":{"name":"(anonymous_6)","decl":{"start":{"line":51,"column":81},"end":{"line":51,"column":82}},"loc":{"start":{"line":51,"column":87},"end":{"line":51,"column":121}},"line":51}},"branchMap":{},"s":{"0":1,"1":1,"2":2,"3":0,"4":0,"5":0,"6":0,"7":1,"8":0,"9":1,"10":0,"11":0,"12":0,"13":1,"14":1,"15":0,"16":1},"f":{"0":1,"1":2,"2":0,"3":0,"4":0,"5":1,"6":0},"b":{},"_coverageSchema":"1a1c01bbd47fc00a2c39e90264f33305004495a9","hash":"8bee5dcc3aea8572107d351063629fcba52355fb"}
,"/Users/jacobkula/git-repo/team-5-p2-fe/Screens/SignUp.tsx": {"path":"/Users/jacobkula/git-repo/team-5-p2-fe/Screens/SignUp.tsx","statementMap":{"0":{"start":{"line":10,"column":36},"end":{"line":10,"column":54}},"1":{"start":{"line":11,"column":36},"end":{"line":11,"column":54}},"2":{"start":{"line":12,"column":30},"end":{"line":12,"column":48}},"3":{"start":{"line":13,"column":36},"end":{"line":13,"column":54}},"4":{"start":{"line":14,"column":36},"end":{"line":14,"column":54}},"5":{"start":{"line":16,"column":27},"end":{"line":21,"column":5}},"6":{"start":{"line":17,"column":8},"end":{"line":17,"column":17}},"7":{"start":{"line":18,"column":8},"end":{"line":18,"column":24}},"8":{"start":{"line":19,"column":8},"end":{"line":19,"column":24}},"9":{"start":{"line":20,"column":8},"end":{"line":20,"column":21}},"10":{"start":{"line":24,"column":8},"end":{"line":37,"column":9}},"11":{"start":{"line":25,"column":29},"end":{"line":33,"column":14}},"12":{"start":{"line":34,"column":12},"end":{"line":34,"column":30}},"13":{"start":{"line":36,"column":12},"end":{"line":36,"column":52}},"14":{"start":{"line":41,"column":8},"end":{"line":49,"column":9}},"15":{"start":{"line":42,"column":12},"end":{"line":42,"column":56}},"16":{"start":{"line":43,"column":12},"end":{"line":43,"column":51}},"17":{"start":{"line":44,"column":12},"end":{"line":44,"column":28}},"18":{"start":{"line":45,"column":12},"end":{"line":45,"column":28}},"19":{"start":{"line":46,"column":12},"end":{"line":46,"column":41}},"20":{"start":{"line":48,"column":12},"end":{"line":48,"column":43}},"21":{"start":{"line":52,"column":4},"end":{"line":91,"column":6}},"22":{"start":{"line":57,"column":38},"end":{"line":57,"column":55}},"23":{"start":{"line":62,"column":38},"end":{"line":62,"column":55}},"24":{"start":{"line":67,"column":38},"end":{"line":67,"column":52}},"25":{"start":{"line":70,"column":52},"end":{"line":70,"column":80}},"26":{"start":{"line":76,"column":38},"end":{"line":76,"column":55}},"27":{"start":{"line":83,"column":38},"end":{"line":83,"column":55}}},"fnMap":{"0":{"name":"SignUp","decl":{"start":{"line":8,"column":24},"end":{"line":8,"column":30}},"loc":{"start":{"line":8,"column":45},"end":{"line":92,"column":1}},"line":8},"1":{"name":"(anonymous_1)","decl":{"start":{"line":16,"column":27},"end":{"line":16,"column":28}},"loc":{"start":{"line":16,"column":33},"end":{"line":21,"column":5}},"line":16},"2":{"name":"signUp","decl":{"start":{"line":23,"column":19},"end":{"line":23,"column":25}},"loc":{"start":{"line":23,"column":28},"end":{"line":38,"column":5}},"line":23},"3":{"name":"confirmSignUp","decl":{"start":{"line":40,"column":19},"end":{"line":40,"column":32}},"loc":{"start":{"line":40,"column":35},"end":{"line":50,"column":5}},"line":40},"4":{"name":"(anonymous_4)","decl":{"start":{"line":57,"column":30},"end":{"line":57,"column":31}},"loc":{"start":{"line":57,"column":38},"end":{"line":57,"column":55}},"line":57},"5":{"name":"(anonymous_5)","decl":{"start":{"line":62,"column":30},"end":{"line":62,"column":31}},"loc":{"start":{"line":62,"column":38},"end":{"line":62,"column":55}},"line":62},"6":{"name":"(anonymous_6)","decl":{"start":{"line":67,"column":30},"end":{"line":67,"column":31}},"loc":{"start":{"line":67,"column":38},"end":{"line":67,"column":52}},"line":67},"7":{"name":"(anonymous_7)","decl":{"start":{"line":70,"column":46},"end":{"line":70,"column":47}},"loc":{"start":{"line":70,"column":52},"end":{"line":70,"column":80}},"line":70},"8":{"name":"(anonymous_8)","decl":{"start":{"line":76,"column":30},"end":{"line":76,"column":31}},"loc":{"start":{"line":76,"column":38},"end":{"line":76,"column":55}},"line":76},"9":{"name":"(anonymous_9)","decl":{"start":{"line":83,"column":30},"end":{"line":83,"column":31}},"loc":{"start":{"line":83,"column":38},"end":{"line":83,"column":55}},"line":83}},"branchMap":{},"s":{"0":1,"1":1,"2":1,"3":1,"4":1,"5":1,"6":0,"7":0,"8":0,"9":0,"10":0,"11":0,"12":0,"13":0,"14":0,"15":0,"16":0,"17":0,"18":0,"19":0,"20":0,"21":1,"22":0,"23":0,"24":0,"25":0,"26":0,"27":0},"f":{"0":1,"1":0,"2":0,"3":0,"4":0,"5":0,"6":0,"7":0,"8":0,"9":0},"b":{},"_coverageSchema":"1a1c01bbd47fc00a2c39e90264f33305004495a9","hash":"d6107333d12559fe4a687a687a60c3ca08439485"}
,"/Users/jacobkula/git-repo/team-5-p2-fe/Screens/ThreadAdd.tsx": {"path":"/Users/jacobkula/git-repo/team-5-p2-fe/Screens/ThreadAdd.tsx","statementMap":{"0":{"start":{"line":10,"column":21},"end":{"line":10,"column":34}},"1":{"start":{"line":11,"column":30},"end":{"line":11,"column":48}},"2":{"start":{"line":12,"column":42},"end":{"line":12,"column":60}},"3":{"start":{"line":14,"column":24},"end":{"line":26,"column":5}},"4":{"start":{"line":15,"column":8},"end":{"line":22,"column":11}},"5":{"start":{"line":23,"column":8},"end":{"line":23,"column":21}},"6":{"start":{"line":24,"column":8},"end":{"line":24,"column":27}},"7":{"start":{"line":25,"column":8},"end":{"line":25,"column":35}},"8":{"start":{"line":29,"column":28},"end":{"line":29,"column":99}},"9":{"start":{"line":29,"column":62},"end":{"line":29,"column":98}},"10":{"start":{"line":31,"column":4},"end":{"line":37,"column":6}},"11":{"start":{"line":33,"column":74},"end":{"line":33,"column":88}},"12":{"start":{"line":34,"column":86},"end":{"line":34,"column":106}}},"fnMap":{"0":{"name":"ThreadAdd","decl":{"start":{"line":9,"column":24},"end":{"line":9,"column":33}},"loc":{"start":{"line":9,"column":48},"end":{"line":38,"column":1}},"line":9},"1":{"name":"(anonymous_1)","decl":{"start":{"line":14,"column":24},"end":{"line":14,"column":25}},"loc":{"start":{"line":14,"column":30},"end":{"line":26,"column":5}},"line":14},"2":{"name":"(anonymous_2)","decl":{"start":{"line":29,"column":40},"end":{"line":29,"column":41}},"loc":{"start":{"line":29,"column":62},"end":{"line":29,"column":98}},"line":29},"3":{"name":"(anonymous_3)","decl":{"start":{"line":33,"column":66},"end":{"line":33,"column":67}},"loc":{"start":{"line":33,"column":74},"end":{"line":33,"column":88}},"line":33},"4":{"name":"(anonymous_4)","decl":{"start":{"line":34,"column":78},"end":{"line":34,"column":79}},"loc":{"start":{"line":34,"column":86},"end":{"line":34,"column":106}},"line":34}},"branchMap":{},"s":{"0":1,"1":1,"2":1,"3":1,"4":0,"5":0,"6":0,"7":0,"8":1,"9":2,"10":1,"11":0,"12":0},"f":{"0":1,"1":0,"2":2,"3":0,"4":0},"b":{},"_coverageSchema":"1a1c01bbd47fc00a2c39e90264f33305004495a9","hash":"d750c5306d4eb9271042891831577c7c16d47a87"}
,"/Users/jacobkula/git-repo/team-5-p2-fe/__tests__/_components/testFunctions.js": {"path":"/Users/jacobkula/git-repo/team-5-p2-fe/__tests__/_components/testFunctions.js","statementMap":{"0":{"start":{"line":11,"column":26},"end":{"line":41,"column":1}},"1":{"start":{"line":17,"column":22},"end":{"line":17,"column":45}},"2":{"start":{"line":18,"column":18},"end":{"line":18,"column":34}},"3":{"start":{"line":19,"column":18},"end":{"line":19,"column":40}},"4":{"start":{"line":20,"column":4},"end":{"line":40,"column":5}},"5":{"start":{"line":28,"column":24},"end":{"line":30,"column":26}}},"fnMap":{"0":{"name":"(anonymous_0)","decl":{"start":{"line":11,"column":26},"end":{"line":11,"column":27}},"loc":{"start":{"line":16,"column":5},"end":{"line":41,"column":1}},"line":16},"1":{"name":"(anonymous_1)","decl":{"start":{"line":27,"column":30},"end":{"line":27,"column":31}},"loc":{"start":{"line":28,"column":24},"end":{"line":30,"column":26}},"line":28}},"branchMap":{"0":{"loc":{"start":{"line":14,"column":4},"end":{"line":14,"column":30}},"type":"default-arg","locations":[{"start":{"line":14,"column":17},"end":{"line":14,"column":30}}],"line":14},"1":{"loc":{"start":{"line":15,"column":4},"end":{"line":15,"column":31}},"type":"default-arg","locations":[{"start":{"line":15,"column":18},"end":{"line":15,"column":31}}],"line":15}},"s":{"0":1,"1":6,"2":6,"3":6,"4":6,"5":6},"f":{"0":6,"1":6},"b":{"0":[6],"1":[6]},"_coverageSchema":"1a1c01bbd47fc00a2c39e90264f33305004495a9","hash":"1a507208ec62718d8f810a4e9011f900c19799c6"}
,"/Users/jacobkula/git-repo/team-5-p2-fe/components/CustomNav.tsx": {"path":"/Users/jacobkula/git-repo/team-5-p2-fe/components/CustomNav.tsx","statementMap":{"0":{"start":{"line":9,"column":21},"end":{"line":9,"column":80}},"1":{"start":{"line":9,"column":55},"end":{"line":9,"column":79}},"2":{"start":{"line":10,"column":4},"end":{"line":19,"column":6}},"3":{"start":{"line":15,"column":78},"end":{"line":15,"column":110}},"4":{"start":{"line":16,"column":73},"end":{"line":16,"column":103}},"5":{"start":{"line":16,"column":168},"end":{"line":16,"column":196}}},"fnMap":{"0":{"name":"CustomNav","decl":{"start":{"line":7,"column":24},"end":{"line":7,"column":33}},"loc":{"start":{"line":7,"column":58},"end":{"line":20,"column":1}},"line":7},"1":{"name":"(anonymous_1)","decl":{"start":{"line":9,"column":33},"end":{"line":9,"column":34}},"loc":{"start":{"line":9,"column":55},"end":{"line":9,"column":79}},"line":9},"2":{"name":"(anonymous_2)","decl":{"start":{"line":15,"column":72},"end":{"line":15,"column":73}},"loc":{"start":{"line":15,"column":78},"end":{"line":15,"column":110}},"line":15},"3":{"name":"(anonymous_3)","decl":{"start":{"line":16,"column":67},"end":{"line":16,"column":68}},"loc":{"start":{"line":16,"column":73},"end":{"line":16,"column":103}},"line":16},"4":{"name":"(anonymous_4)","decl":{"start":{"line":16,"column":162},"end":{"line":16,"column":163}},"loc":{"start":{"line":16,"column":168},"end":{"line":16,"column":196}},"line":16}},"branchMap":{"0":{"loc":{"start":{"line":13,"column":17},"end":{"line":13,"column":84}},"type":"cond-expr","locations":[{"start":{"line":13,"column":28},"end":{"line":13,"column":77}},{"start":{"line":13,"column":80},"end":{"line":13,"column":84}}],"line":13},"1":{"loc":{"start":{"line":15,"column":17},"end":{"line":15,"column":120}},"type":"cond-expr","locations":[{"start":{"line":15,"column":28},"end":{"line":15,"column":113}},{"start":{"line":15,"column":116},"end":{"line":15,"column":120}}],"line":15},"2":{"loc":{"start":{"line":16,"column":17},"end":{"line":16,"column":199}},"type":"cond-expr","locations":[{"start":{"line":16,"column":28},"end":{"line":16,"column":107}},{"start":{"line":16,"column":110},"end":{"line":16,"column":199}}],"line":16}},"s":{"0":6,"1":12,"2":6,"3":0,"4":0,"5":0},"f":{"0":6,"1":12,"2":0,"3":0,"4":0},"b":{"0":[0,6],"1":[6,0],"2":[6,0]},"_coverageSchema":"1a1c01bbd47fc00a2c39e90264f33305004495a9","hash":"66e1f1e5dcde7165c47295519a090f08bddae9ef"}
,"/Users/jacobkula/git-repo/team-5-p2-fe/components/Thread.tsx": {"path":"/Users/jacobkula/git-repo/team-5-p2-fe/components/Thread.tsx","statementMap":{"0":{"start":{"line":10,"column":34},"end":{"line":28,"column":1}},"1":{"start":{"line":12,"column":4},"end":{"line":27,"column":6}},"2":{"start":{"line":30,"column":13},"end":{"line":53,"column":2}}},"fnMap":{"0":{"name":"(anonymous_0)","decl":{"start":{"line":10,"column":34},"end":{"line":10,"column":35}},"loc":{"start":{"line":10,"column":52},"end":{"line":28,"column":1}},"line":10}},"branchMap":{},"s":{"0":1,"1":0,"2":1},"f":{"0":0},"b":{},"_coverageSchema":"1a1c01bbd47fc00a2c39e90264f33305004495a9","hash":"ad77e2670469e40b469de2d4d201de2d431401a8"}
,"/Users/jacobkula/git-repo/team-5-p2-fe/custom_types/action_types.ts": {"path":"/Users/jacobkula/git-repo/team-5-p2-fe/custom_types/action_types.ts","statementMap":{},"fnMap":{},"branchMap":{},"s":{},"f":{},"b":{},"_coverageSchema":"1a1c01bbd47fc00a2c39e90264f33305004495a9","hash":"b1b3e70ecc862db989f3d42e3bcda0ff885d68ee"}
,"/Users/jacobkula/git-repo/team-5-p2-fe/redux/Thunks.ts": {"path":"/Users/jacobkula/git-repo/team-5-p2-fe/redux/Thunks.ts","statementMap":{"0":{"start":{"line":5,"column":16},"end":{"line":5,"column":27}},"1":{"start":{"line":6,"column":15},"end":{"line":6,"column":17}},"2":{"start":{"line":10,"column":4},"end":{"line":18,"column":6}},"3":{"start":{"line":11,"column":8},"end":{"line":17,"column":9}},"4":{"start":{"line":12,"column":25},"end":{"line":12,"column":35}},"5":{"start":{"line":13,"column":25},"end":{"line":13,"column":57}},"6":{"start":{"line":14,"column":12},"end":{"line":14,"column":38}},"7":{"start":{"line":16,"column":12},"end":{"line":16,"column":36}},"8":{"start":{"line":21,"column":4},"end":{"line":26,"column":6}},"9":{"start":{"line":31,"column":4},"end":{"line":40,"column":5}},"10":{"start":{"line":32,"column":8},"end":{"line":39,"column":9}},"11":{"start":{"line":33,"column":25},"end":{"line":33,"column":35}},"12":{"start":{"line":34,"column":25},"end":{"line":34,"column":73}},"13":{"start":{"line":36,"column":12},"end":{"line":36,"column":46}},"14":{"start":{"line":38,"column":12},"end":{"line":38,"column":36}},"15":{"start":{"line":43,"column":4},"end":{"line":48,"column":1}}},"fnMap":{"0":{"name":"fetchThreads","decl":{"start":{"line":9,"column":16},"end":{"line":9,"column":28}},"loc":{"start":{"line":9,"column":31},"end":{"line":19,"column":1}},"line":9},"1":{"name":"(anonymous_1)","decl":{"start":{"line":10,"column":11},"end":{"line":10,"column":12}},"loc":{"start":{"line":10,"column":31},"end":{"line":18,"column":5}},"line":10},"2":{"name":"setThreads","decl":{"start":{"line":20,"column":9},"end":{"line":20,"column":19}},"loc":{"start":{"line":20,"column":26},"end":{"line":27,"column":1}},"line":20},"3":{"name":"postThread","decl":{"start":{"line":30,"column":16},"end":{"line":30,"column":26}},"loc":{"start":{"line":30,"column":47},"end":{"line":41,"column":1}},"line":30},"4":{"name":"(anonymous_4)","decl":{"start":{"line":31,"column":11},"end":{"line":31,"column":12}},"loc":{"start":{"line":31,"column":31},"end":{"line":40,"column":5}},"line":31},"5":{"name":"addNewThread","decl":{"start":{"line":42,"column":9},"end":{"line":42,"column":21}},"loc":{"start":{"line":42,"column":41},"end":{"line":49,"column":1}},"line":42}},"branchMap":{},"s":{"0":1,"1":1,"2":1,"3":1,"4":1,"5":1,"6":0,"7":0,"8":0,"9":0,"10":0,"11":0,"12":0,"13":0,"14":0,"15":0},"f":{"0":1,"1":1,"2":0,"3":0,"4":0,"5":0},"b":{},"_coverageSchema":"1a1c01bbd47fc00a2c39e90264f33305004495a9","hash":"917fdde74ff3ef4f8bfecdc2815914fa81107f50"}
}
