TN:
SF:Screens/EditProfile.tsx
FN:10,EditProfile
FN:13,(anonymous_1)
FN:15,authProfileEdit
FN:24,(anonymous_3)
FN:39,(anonymous_4)
FN:51,(anonymous_5)
FNF:6
FNH:2
FNDA:1,EditProfile
FNDA:2,(anonymous_1)
FNDA:0,authProfileEdit
FNDA:0,(anonymous_3)
FNDA:0,(anonymous_4)
FNDA:0,(anonymous_5)
DA:11,1
DA:12,1
DA:13,2
DA:16,0
DA:17,0
DA:21,0
DA:24,1
DA:25,0
DA:39,1
DA:40,0
DA:41,0
DA:44,1
DA:51,0
DA:62,1
LF:14
LH:7
BRF:0
BRH:0
end_of_record
TN:
SF:Screens/Home.tsx
FN:12,Home
FN:13,(anonymous_1)
FN:15,(anonymous_2)
FN:16,(anonymous_3)
FN:25,(anonymous_4)
FNF:5
FNH:4
FNDA:1,Home
FNDA:2,(anonymous_1)
FNDA:1,(anonymous_2)
FNDA:1,(anonymous_3)
FNDA:0,(anonymous_4)
DA:13,2
DA:14,1
DA:15,1
DA:16,1
DA:17,1
DA:21,1
DA:23,1
DA:25,0
LF:8
LH:7
BRF:0
BRH:0
end_of_record
TN:
SF:Screens/Login.tsx
FN:8,Login
FN:15,(anonymous_1)
FN:21,signIn
FN:35,(anonymous_3)
FN:59,(anonymous_4)
FN:66,(anonymous_5)
FN:72,(anonymous_6)
FNF:7
FNH:1
FNDA:1,Login
FNDA:0,(anonymous_1)
FNDA:0,signIn
FNDA:0,(anonymous_3)
FNDA:0,(anonymous_4)
FNDA:0,(anonymous_5)
FNDA:0,(anonymous_6)
DA:9,1
DA:12,1
DA:13,1
DA:15,1
DA:16,0
DA:17,0
DA:18,0
DA:22,0
DA:24,0
DA:25,0
DA:26,0
DA:27,0
DA:28,0
DA:30,0
DA:31,0
DA:35,1
DA:37,0
DA:54,1
DA:59,0
DA:66,0
DA:72,0
LF:21
LH:6
BRF:0
BRH:0
end_of_record
TN:
SF:Screens/Profile.tsx
FN:11,Profile
FN:14,(anonymous_1)
FN:16,signOut
FN:25,(anonymous_3)
FN:32,(anonymous_4)
FN:43,(anonymous_5)
FN:51,(anonymous_6)
FNF:7
FNH:3
FNDA:1,Profile
FNDA:2,(anonymous_1)
FNDA:0,signOut
FNDA:0,(anonymous_3)
FNDA:0,(anonymous_4)
FNDA:1,(anonymous_5)
FNDA:0,(anonymous_6)
DA:12,1
DA:14,2
DA:17,0
DA:18,0
DA:19,0
DA:21,0
DA:25,1
DA:26,0
DA:32,1
DA:33,0
DA:34,0
DA:35,0
DA:40,1
DA:43,1
DA:51,0
DA:61,1
LF:16
LH:7
BRF:0
BRH:0
end_of_record
TN:
SF:Screens/SignUp.tsx
FN:8,SignUp
FN:16,(anonymous_1)
FN:23,signUp
FN:40,confirmSignUp
FN:57,(anonymous_4)
FN:62,(anonymous_5)
FN:67,(anonymous_6)
FN:70,(anonymous_7)
FN:76,(anonymous_8)
FN:83,(anonymous_9)
FNF:10
FNH:1
FNDA:1,SignUp
FNDA:0,(anonymous_1)
FNDA:0,signUp
FNDA:0,confirmSignUp
FNDA:0,(anonymous_4)
FNDA:0,(anonymous_5)
FNDA:0,(anonymous_6)
FNDA:0,(anonymous_7)
FNDA:0,(anonymous_8)
FNDA:0,(anonymous_9)
DA:10,1
DA:11,1
DA:12,1
DA:13,1
DA:14,1
DA:16,1
DA:17,0
DA:18,0
DA:19,0
DA:20,0
DA:24,0
DA:25,0
DA:34,0
DA:36,0
DA:41,0
DA:42,0
DA:43,0
DA:44,0
DA:45,0
DA:46,0
DA:48,0
DA:52,1
DA:57,0
DA:62,0
DA:67,0
DA:70,0
DA:76,0
DA:83,0
LF:28
LH:7
BRF:0
BRH:0
end_of_record
TN:
SF:Screens/ThreadAdd.tsx
FN:9,ThreadAdd
FN:14,(anonymous_1)
FN:29,(anonymous_2)
FN:33,(anonymous_3)
FN:34,(anonymous_4)
FNF:5
FNH:2
FNDA:1,ThreadAdd
FNDA:0,(anonymous_1)
FNDA:2,(anonymous_2)
FNDA:0,(anonymous_3)
FNDA:0,(anonymous_4)
DA:10,1
DA:11,1
DA:12,1
DA:14,1
DA:15,0
DA:23,0
DA:24,0
DA:25,0
DA:29,2
DA:31,1
DA:33,0
DA:34,0
LF:12
LH:6
BRF:0
BRH:0
end_of_record
TN:
SF:__tests__/_components/testFunctions.js
FN:11,(anonymous_0)
FN:27,(anonymous_1)
FNF:2
FNH:2
FNDA:6,(anonymous_0)
FNDA:6,(anonymous_1)
DA:11,1
DA:17,6
DA:18,6
DA:19,6
DA:20,6
DA:28,6
LF:6
LH:6
BRDA:14,0,0,6
BRDA:15,1,0,6
BRF:2
BRH:2
end_of_record
TN:
SF:components/CustomNav.tsx
FN:7,CustomNav
FN:9,(anonymous_1)
FN:15,(anonymous_2)
FN:16,(anonymous_3)
FN:16,(anonymous_4)
FNF:5
FNH:2
FNDA:6,CustomNav
FNDA:12,(anonymous_1)
FNDA:0,(anonymous_2)
FNDA:0,(anonymous_3)
FNDA:0,(anonymous_4)
DA:9,12
DA:10,6
DA:15,0
DA:16,0
LF:4
LH:2
BRDA:13,0,0,0
BRDA:13,0,1,6
BRDA:15,1,0,6
BRDA:15,1,1,0
BRDA:16,2,0,6
BRDA:16,2,1,0
BRF:6
BRH:3
end_of_record
TN:
SF:components/Thread.tsx
FN:10,(anonymous_0)
FNF:1
FNH:0
FNDA:0,(anonymous_0)
DA:10,1
DA:12,0
DA:30,1
LF:3
LH:2
BRF:0
BRH:0
end_of_record
TN:
SF:custom_types/action_types.ts
FNF:0
FNH:0
LF:0
LH:0
BRF:0
BRH:0
end_of_record
TN:
SF:redux/Thunks.ts
FN:9,fetchThreads
FN:10,(anonymous_1)
FN:20,setThreads
FN:30,postThread
FN:31,(anonymous_4)
FN:42,addNewThread
FNF:6
FNH:2
FNDA:1,fetchThreads
FNDA:1,(anonymous_1)
FNDA:0,setThreads
FNDA:0,postThread
FNDA:0,(anonymous_4)
FNDA:0,addNewThread
DA:5,1
DA:6,1
DA:10,1
DA:11,1
DA:12,1
DA:13,1
DA:14,0
DA:16,0
DA:21,0
DA:31,0
DA:32,0
DA:33,0
DA:34,0
DA:36,0
DA:38,0
DA:43,0
LF:16
LH:6
BRF:0
BRH:0
end_of_record
